#
# There is insufficient memory for the Java Runtime Environment to continue.
# Native memory allocation (malloc) failed to allocate 1048576 bytes for E in C:\jdk7u1_64p\jdk7u9\hotspot\src\share\vm\utilities/taskqueue.hpp
# Possible reasons:
#   The system is out of physical RAM or swap space
#   In 32 bit mode, the process size limit was hit
# Possible solutions:
#   Reduce memory load on the system
#   Increase physical memory or swap space
#   Check if swap backing store is full
#   Use 64 bit Java on a 64 bit OS
#   Decrease Java heap size (-Xmx/-Xms)
#   Decrease number of Java threads
#   Decrease Java thread stack sizes (-Xss)
#   Set larger code cache with -XX:ReservedCodeCacheSize=
# This output file may be truncated or incomplete.
#
#  Out of Memory Error (memory/allocation.inline.hpp:58), pid=14856, tid=12512
#
# JRE version: 7.0_09-b05
# Java VM: Java HotSpot(TM) 64-Bit Server VM (23.5-b02 mixed mode windows-amd64 compressed oops)
# Failed to write core dump. Minidumps are not enabled by default on client versions of Windows
#

---------------  T H R E A D  ---------------

Current thread (0x0000000001fec800):  JavaThread "Unknown thread" [_thread_in_vm, id=12512, stack(0x0000000002220000,0x0000000002320000)]

Stack: [0x0000000002220000,0x0000000002320000]

---------------  P R O C E S S  ---------------

Java Threads: ( => current thread )

Other Threads:

=>0x0000000001fec800 (exited) JavaThread "Unknown thread" [_thread_in_vm, id=12512, stack(0x0000000002220000,0x0000000002320000)]

VM state:not at safepoint (normal execution)

VM Mutex/Monitor currently owned by a thread: None

Heap
 PSYoungGen      total 28288K, used 485K [0x00000000e06b0000, 0x00000000e2640000, 0x0000000100000000)
  eden space 24256K, 2% used [0x00000000e06b0000,0x00000000e07294e8,0x00000000e1e60000)
  from space 4032K, 0% used [0x00000000e2250000,0x00000000e2250000,0x00000000e2640000)
  to   space 4032K, 0% used [0x00000000e1e60000,0x00000000e1e60000,0x00000000e2250000)
 ParOldGen       total 64640K, used 0K [0x00000000a1400000, 0x00000000a5320000, 0x00000000e06b0000)
  object space 64640K, 0% used [0x00000000a1400000,0x00000000a1400000,0x00000000a5320000)
 PSPermGen       total 21248K, used 684K [0x000000009c200000, 0x000000009d6c0000, 0x00000000a1400000)
  object space 21248K, 3% used [0x000000009c200000,0x000000009c2ab110,0x000000009d6c0000)

Card table byte_map: [0x0000000005320000,0x0000000005640000] byte_map_base: 0x0000000004e3f000

Polling page: 0x0000000000100000

Code Cache  [0x0000000002320000, 0x0000000002590000, 0x0000000005320000)
 total_blobs=39 nmethods=0 adapters=20 free_code_cache=48889Kb largest_free_block=50062912

Compilation events (0 events):
No events

GC Heap History (0 events):
No events

Deoptimization events (0 events):
No events

Internal exceptions (0 events):
No events

Events (10 events):
Event: 0.031 loading class 0x0000000001ea0c70
Event: 0.031 loading class 0x0000000001ea0c70 done
Event: 0.031 loading class 0x0000000001ea0cd0
Event: 0.031 loading class 0x0000000001ea0cd0 done
Event: 0.031 loading class 0x0000000001ea0d00
Event: 0.032 loading class 0x0000000001ea0d00 done
Event: 0.032 loading class 0x0000000001e62140
Event: 0.032 loading class 0x0000000001e62140 done
Event: 0.032 loading class 0x0000000001e61d00
Event: 0.033 loading class 0x0000000001e61d00 done


Dynamic libraries:
0x000000013fe00000 - 0x000000013fe34000 	C:\Program Files\Java\jre7\bin\javaw.exe
0x0000000076f60000 - 0x0000000077109000 	C:\windows\SYSTEM32\ntdll.dll
0x0000000076e40000 - 0x0000000076f5f000 	C:\windows\system32\kernel32.dll
0x000007fefce20000 - 0x000007fefce8b000 	C:\windows\system32\KERNELBASE.dll
0x000007fefd170000 - 0x000007fefd24b000 	C:\windows\system32\ADVAPI32.dll
0x000007fefd720000 - 0x000007fefd7bf000 	C:\windows\system32\msvcrt.dll
0x000007fefed90000 - 0x000007fefedaf000 	C:\windows\SYSTEM32\sechost.dll
0x000007fefdce0000 - 0x000007fefde0d000 	C:\windows\system32\RPCRT4.dll
0x0000000076d40000 - 0x0000000076e3a000 	C:\windows\system32\USER32.dll
0x000007fefd660000 - 0x000007fefd6c7000 	C:\windows\system32\GDI32.dll
0x000007fefdf70000 - 0x000007fefdf7e000 	C:\windows\system32\LPK.dll
0x000007fefd9e0000 - 0x000007fefdaa9000 	C:\windows\system32\USP10.dll
0x000007fefb790000 - 0x000007fefb984000 	C:\windows\WinSxS\amd64_microsoft.windows.common-controls_6595b64144ccf1df_6.0.7601.17514_none_fa396087175ac9ac\COMCTL32.dll
0x000007feff1f0000 - 0x000007feff261000 	C:\windows\system32\SHLWAPI.dll
0x000007fefd8d0000 - 0x000007fefd8fe000 	C:\windows\system32\IMM32.DLL
0x000007fefedb0000 - 0x000007fefeeb9000 	C:\windows\system32\MSCTF.dll
0x0000000065450000 - 0x0000000065521000 	C:\Program Files\Java\jre7\bin\msvcr100.dll
0x0000000059e70000 - 0x000000005a58f000 	C:\Program Files\Java\jre7\bin\server\jvm.dll
0x000007fef9840000 - 0x000007fef9849000 	C:\windows\system32\WSOCK32.dll
0x000007fefd6d0000 - 0x000007fefd71d000 	C:\windows\system32\WS2_32.dll
0x000007fefd8c0000 - 0x000007fefd8c8000 	C:\windows\system32\NSI.dll
0x000007fefad50000 - 0x000007fefad8b000 	C:\windows\system32\WINMM.dll
0x0000000077120000 - 0x0000000077127000 	C:\windows\system32\PSAPI.DLL
0x0000000073d20000 - 0x0000000073d2f000 	C:\Program Files\Java\jre7\bin\verify.dll
0x000000006daa0000 - 0x000000006dac8000 	C:\Program Files\Java\jre7\bin\java.dll
0x000000006ee20000 - 0x000000006ee35000 	C:\Program Files\Java\jre7\bin\zip.dll

VM Arguments:
jvm_args: -Dfile.encoding=Cp1252 
java_command: com.gmail.sapphire543.Fractals.Fractals
Launcher Type: SUN_STANDARD

Environment Variables:
PATH=C:\Program Files\Common Files\Microsoft Shared\Windows Live;C:\Program Files (x86)\Common Files\Microsoft Shared\Windows Live;C:\windows\system32;C:\windows;C:\windows\System32\Wbem;C:\windows\System32\WindowsPowerShell\v1.0\;C:\Program Files\Intel\WiFi\bin\;C:\Program Files\Common Files\Intel\WirelessCommon\;C:\Program Files (x86)\Windows Live\Shared;C:\Program Files (x86)\IVI Foundation\VISA\WinNT\Bin;C:\Program Files\Java\jdk1.7.0_09\bin;C:\Program Files (x86)\Autodesk\Backburner\;C:\Python33
USERNAME=Matt
OS=Windows_NT
PROCESSOR_IDENTIFIER=Intel64 Family 6 Model 42 Stepping 7, GenuineIntel



---------------  S Y S T E M  ---------------

OS: Windows 7 , 64 bit Build 7601 Service Pack 1

CPU:total 4 (2 cores per cpu, 2 threads per core) family 6 model 42 stepping 7, cmov, cx8, fxsr, mmx, sse, sse2, sse3, ssse3, sse4.1, sse4.2, popcnt, avx, ht, tsc, tscinvbit

Memory: 4k page, physical 6202928k(847424k free), swap 24809848k(14656k free)

vm_info: Java HotSpot(TM) 64-Bit Server VM (23.5-b02) for windows-amd64 JRE (1.7.0_09-b05), built on Sep 24 2012 21:45:04 by "java_re" with unknown MS VC++:1600

time: Fri Feb 07 18:42:57 2014
elapsed time: 0 seconds

